{"E:\\Odoo Hackathon '26\\Odoo-Hackathon-26\\backend\\src\\controllers\\maintenance.controller.ts": {"path":"E:\\Odoo Hackathon '26\\Odoo-Hackathon-26\\backend\\src\\controllers\\maintenance.controller.ts","statementMap":{"0":{"start":{"line":8,"column":0},"end":{"line":8,"column":70}},"1":{"start":{"line":9,"column":0},"end":{"line":9,"column":51}},"2":{"start":{"line":10,"column":0},"end":{"line":10,"column":53}},"3":{"start":{"line":15,"column":13},"end":{"line":24,"column":2}},"4":{"start":{"line":17,"column":18},"end":{"line":17,"column":52}},"5":{"start":{"line":18,"column":19},"end":{"line":18,"column":68}},"6":{"start":{"line":20,"column":4},"end":{"line":22,"column":6}},"7":{"start":{"line":28,"column":13},"end":{"line":42,"column":2}},"8":{"start":{"line":30,"column":36},"end":{"line":30,"column":45}},"9":{"start":{"line":32,"column":19},"end":{"line":36,"column":6}},"10":{"start":{"line":38,"column":4},"end":{"line":40,"column":6}},"11":{"start":{"line":45,"column":13},"end":{"line":53,"column":2}},"12":{"start":{"line":47,"column":16},"end":{"line":47,"column":74}},"13":{"start":{"line":49,"column":4},"end":{"line":51,"column":6}},"14":{"start":{"line":56,"column":13},"end":{"line":65,"column":2}},"15":{"start":{"line":58,"column":20},"end":{"line":58,"column":54}},"16":{"start":{"line":59,"column":20},"end":{"line":59,"column":86}},"17":{"start":{"line":61,"column":4},"end":{"line":63,"column":6}},"18":{"start":{"line":68,"column":13},"end":{"line":76,"column":2}},"19":{"start":{"line":70,"column":19},"end":{"line":70,"column":76}},"20":{"start":{"line":72,"column":4},"end":{"line":74,"column":6}},"21":{"start":{"line":79,"column":13},"end":{"line":88,"column":2}},"22":{"start":{"line":81,"column":20},"end":{"line":81,"column":56}},"23":{"start":{"line":82,"column":20},"end":{"line":82,"column":88}},"24":{"start":{"line":84,"column":4},"end":{"line":86,"column":6}}},"fnMap":{"0":{"name":"(anonymous_9)","decl":{"start":{"line":16,"column":2},"end":{"line":16,"column":7}},"loc":{"start":{"line":16,"column":61},"end":{"line":23,"column":3}}},"1":{"name":"(anonymous_10)","decl":{"start":{"line":29,"column":2},"end":{"line":29,"column":7}},"loc":{"start":{"line":29,"column":61},"end":{"line":41,"column":3}}},"2":{"name":"(anonymous_11)","decl":{"start":{"line":46,"column":2},"end":{"line":46,"column":7}},"loc":{"start":{"line":46,"column":61},"end":{"line":52,"column":3}}},"3":{"name":"(anonymous_12)","decl":{"start":{"line":57,"column":2},"end":{"line":57,"column":7}},"loc":{"start":{"line":57,"column":61},"end":{"line":64,"column":3}}},"4":{"name":"(anonymous_13)","decl":{"start":{"line":69,"column":2},"end":{"line":69,"column":7}},"loc":{"start":{"line":69,"column":61},"end":{"line":75,"column":3}}},"5":{"name":"(anonymous_14)","decl":{"start":{"line":80,"column":2},"end":{"line":80,"column":7}},"loc":{"start":{"line":80,"column":61},"end":{"line":87,"column":3}}}},"branchMap":{"0":{"loc":{"start":{"line":34,"column":14},"end":{"line":34,"column":47}},"type":"cond-expr","locations":[{"start":{"line":34,"column":22},"end":{"line":34,"column":34}},{"start":{"line":34,"column":38},"end":{"line":34,"column":47}}]},"1":{"loc":{"start":{"line":35,"column":14},"end":{"line":35,"column":47}},"type":"cond-expr","locations":[{"start":{"line":35,"column":22},"end":{"line":35,"column":35}},{"start":{"line":35,"column":38},"end":{"line":35,"column":47}}]}},"s":{"0":1,"1":1,"2":1,"3":1,"4":3,"5":3,"6":3,"7":1,"8":0,"9":0,"10":0,"11":1,"12":0,"13":0,"14":1,"15":0,"16":0,"17":0,"18":1,"19":0,"20":0,"21":1,"22":2,"23":2,"24":2},"f":{"0":3,"1":0,"2":0,"3":0,"4":0,"5":2},"b":{"0":[0,0],"1":[0,0]}}
,"E:\\Odoo Hackathon '26\\Odoo-Hackathon-26\\backend\\src\\controllers\\trip.controller.ts": {"path":"E:\\Odoo Hackathon '26\\Odoo-Hackathon-26\\backend\\src\\controllers\\trip.controller.ts","statementMap":{"0":{"start":{"line":14,"column":0},"end":{"line":14,"column":56}},"1":{"start":{"line":15,"column":0},"end":{"line":15,"column":51}},"2":{"start":{"line":16,"column":0},"end":{"line":16,"column":53}},"3":{"start":{"line":22,"column":13},"end":{"line":31,"column":2}},"4":{"start":{"line":24,"column":18},"end":{"line":24,"column":45}},"5":{"start":{"line":25,"column":18},"end":{"line":25,"column":53}},"6":{"start":{"line":27,"column":4},"end":{"line":29,"column":6}},"7":{"start":{"line":34,"column":13},"end":{"line":48,"column":2}},"8":{"start":{"line":36,"column":36},"end":{"line":36,"column":45}},"9":{"start":{"line":38,"column":19},"end":{"line":42,"column":6}},"10":{"start":{"line":44,"column":4},"end":{"line":46,"column":6}},"11":{"start":{"line":50,"column":13},"end":{"line":74,"column":2}},"12":{"start":{"line":52,"column":18},"end":{"line":55,"column":5}},"13":{"start":{"line":53,"column":25},"end":{"line":53,"column":39}},"14":{"start":{"line":54,"column":6},"end":{"line":54,"column":69}},"15":{"start":{"line":57,"column":17},"end":{"line":57,"column":30}},"16":{"start":{"line":58,"column":18},"end":{"line":58,"column":32}},"17":{"start":{"line":59,"column":19},"end":{"line":68,"column":6}},"18":{"start":{"line":70,"column":4},"end":{"line":72,"column":6}},"19":{"start":{"line":77,"column":13},"end":{"line":85,"column":2}},"20":{"start":{"line":79,"column":17},"end":{"line":79,"column":61}},"21":{"start":{"line":81,"column":4},"end":{"line":83,"column":6}},"22":{"start":{"line":88,"column":13},"end":{"line":97,"column":2}},"23":{"start":{"line":90,"column":20},"end":{"line":90,"column":49}},"24":{"start":{"line":91,"column":20},"end":{"line":91,"column":72}},"25":{"start":{"line":93,"column":4},"end":{"line":95,"column":6}},"26":{"start":{"line":100,"column":13},"end":{"line":108,"column":2}},"27":{"start":{"line":102,"column":19},"end":{"line":102,"column":62}},"28":{"start":{"line":104,"column":4},"end":{"line":106,"column":6}},"29":{"start":{"line":111,"column":13},"end":{"line":119,"column":2}},"30":{"start":{"line":113,"column":17},"end":{"line":113,"column":62}},"31":{"start":{"line":115,"column":4},"end":{"line":117,"column":6}},"32":{"start":{"line":122,"column":13},"end":{"line":131,"column":2}},"33":{"start":{"line":124,"column":18},"end":{"line":124,"column":47}},"34":{"start":{"line":125,"column":18},"end":{"line":125,"column":70}},"35":{"start":{"line":127,"column":4},"end":{"line":129,"column":6}},"36":{"start":{"line":134,"column":13},"end":{"line":142,"column":2}},"37":{"start":{"line":136,"column":17},"end":{"line":136,"column":60}},"38":{"start":{"line":138,"column":4},"end":{"line":140,"column":6}}},"fnMap":{"0":{"name":"(anonymous_9)","decl":{"start":{"line":23,"column":2},"end":{"line":23,"column":7}},"loc":{"start":{"line":23,"column":61},"end":{"line":30,"column":3}}},"1":{"name":"(anonymous_10)","decl":{"start":{"line":35,"column":2},"end":{"line":35,"column":7}},"loc":{"start":{"line":35,"column":61},"end":{"line":47,"column":3}}},"2":{"name":"(anonymous_11)","decl":{"start":{"line":51,"column":2},"end":{"line":51,"column":7}},"loc":{"start":{"line":51,"column":61},"end":{"line":73,"column":3}}},"3":{"name":"(anonymous_12)","decl":{"start":{"line":52,"column":18},"end":{"line":52,"column":19}},"loc":{"start":{"line":52,"column":54},"end":{"line":55,"column":5}}},"4":{"name":"(anonymous_13)","decl":{"start":{"line":78,"column":2},"end":{"line":78,"column":7}},"loc":{"start":{"line":78,"column":61},"end":{"line":84,"column":3}}},"5":{"name":"(anonymous_14)","decl":{"start":{"line":89,"column":2},"end":{"line":89,"column":7}},"loc":{"start":{"line":89,"column":61},"end":{"line":96,"column":3}}},"6":{"name":"(anonymous_15)","decl":{"start":{"line":101,"column":2},"end":{"line":101,"column":7}},"loc":{"start":{"line":101,"column":61},"end":{"line":107,"column":3}}},"7":{"name":"(anonymous_16)","decl":{"start":{"line":112,"column":2},"end":{"line":112,"column":7}},"loc":{"start":{"line":112,"column":61},"end":{"line":118,"column":3}}},"8":{"name":"(anonymous_17)","decl":{"start":{"line":123,"column":2},"end":{"line":123,"column":7}},"loc":{"start":{"line":123,"column":61},"end":{"line":130,"column":3}}},"9":{"name":"(anonymous_18)","decl":{"start":{"line":135,"column":2},"end":{"line":135,"column":7}},"loc":{"start":{"line":135,"column":61},"end":{"line":141,"column":3}}}},"branchMap":{"0":{"loc":{"start":{"line":40,"column":14},"end":{"line":40,"column":47}},"type":"cond-expr","locations":[{"start":{"line":40,"column":22},"end":{"line":40,"column":34}},{"start":{"line":40,"column":38},"end":{"line":40,"column":47}}]},"1":{"loc":{"start":{"line":41,"column":14},"end":{"line":41,"column":47}},"type":"cond-expr","locations":[{"start":{"line":41,"column":22},"end":{"line":41,"column":35}},{"start":{"line":41,"column":38},"end":{"line":41,"column":47}}]},"2":{"loc":{"start":{"line":54,"column":13},"end":{"line":54,"column":68}},"type":"cond-expr","locations":[{"start":{"line":54,"column":46},"end":{"line":54,"column":56}},{"start":{"line":54,"column":59},"end":{"line":54,"column":68}}]},"3":{"loc":{"start":{"line":60,"column":12},"end":{"line":60,"column":43}},"type":"cond-expr","locations":[{"start":{"line":60,"column":19},"end":{"line":60,"column":31}},{"start":{"line":60,"column":34},"end":{"line":60,"column":43}}]},"4":{"loc":{"start":{"line":61,"column":13},"end":{"line":61,"column":46}},"type":"cond-expr","locations":[{"start":{"line":61,"column":21},"end":{"line":61,"column":34}},{"start":{"line":61,"column":37},"end":{"line":61,"column":46}}]}},"s":{"0":1,"1":1,"2":1,"3":1,"4":2,"5":2,"6":1,"7":1,"8":0,"9":0,"10":0,"11":1,"12":0,"13":0,"14":0,"15":0,"16":0,"17":0,"18":0,"19":1,"20":0,"21":0,"22":1,"23":0,"24":0,"25":0,"26":1,"27":0,"28":0,"29":1,"30":9,"31":3,"32":1,"33":1,"34":1,"35":1,"36":1,"37":1,"38":1},"f":{"0":2,"1":0,"2":0,"3":0,"4":0,"5":0,"6":0,"7":9,"8":1,"9":1},"b":{"0":[0,0],"1":[0,0],"2":[0,0],"3":[0,0],"4":[0,0]}}
,"E:\\Odoo Hackathon '26\\Odoo-Hackathon-26\\backend\\src\\services\\maintenance.service.ts": {"path":"E:\\Odoo Hackathon '26\\Odoo-Hackathon-26\\backend\\src\\services\\maintenance.service.ts","statementMap":{"0":{"start":{"line":43,"column":0},"end":{"line":43,"column":7}},"1":{"start":{"line":83,"column":0},"end":{"line":83,"column":7}},"2":{"start":{"line":117,"column":0},"end":{"line":117,"column":7}},"3":{"start":{"line":131,"column":0},"end":{"line":131,"column":7}},"4":{"start":{"line":155,"column":0},"end":{"line":155,"column":7}},"5":{"start":{"line":174,"column":0},"end":{"line":174,"column":7}},"6":{"start":{"line":8,"column":0},"end":{"line":8,"column":32}},"7":{"start":{"line":9,"column":0},"end":{"line":9,"column":54}},"8":{"start":{"line":10,"column":0},"end":{"line":10,"column":50}},"9":{"start":{"line":11,"column":0},"end":{"line":11,"column":45}},"10":{"start":{"line":12,"column":0},"end":{"line":12,"column":70}},"11":{"start":{"line":30,"column":2},"end":{"line":32,"column":3}},"12":{"start":{"line":31,"column":4},"end":{"line":31,"column":52}},"13":{"start":{"line":44,"column":33},"end":{"line":44,"column":38}},"14":{"start":{"line":45,"column":2},"end":{"line":45,"column":41}},"15":{"start":{"line":47,"column":18},"end":{"line":47,"column":47}},"16":{"start":{"line":48,"column":2},"end":{"line":48,"column":29}},"17":{"start":{"line":50,"column":2},"end":{"line":76,"column":3}},"18":{"start":{"line":51,"column":20},"end":{"line":51,"column":70}},"19":{"start":{"line":52,"column":4},"end":{"line":54,"column":5}},"20":{"start":{"line":53,"column":6},"end":{"line":53,"column":51}},"21":{"start":{"line":57,"column":26},"end":{"line":61,"column":20}},"22":{"start":{"line":64,"column":4},"end":{"line":67,"column":5}},"23":{"start":{"line":65,"column":6},"end":{"line":65,"column":45}},"24":{"start":{"line":66,"column":6},"end":{"line":66,"column":38}},"25":{"start":{"line":69,"column":4},"end":{"line":69,"column":38}},"26":{"start":{"line":70,"column":4},"end":{"line":70,"column":36}},"27":{"start":{"line":72,"column":4},"end":{"line":72,"column":37}},"28":{"start":{"line":73,"column":4},"end":{"line":73,"column":16}},"29":{"start":{"line":75,"column":4},"end":{"line":75,"column":25}},"30":{"start":{"line":84,"column":43},"end":{"line":84,"column":48}},"31":{"start":{"line":86,"column":42},"end":{"line":86,"column":44}},"32":{"start":{"line":87,"column":2},"end":{"line":92,"column":3}},"33":{"start":{"line":88,"column":4},"end":{"line":90,"column":5}},"34":{"start":{"line":89,"column":6},"end":{"line":89,"column":118}},"35":{"start":{"line":91,"column":4},"end":{"line":91,"column":27}},"36":{"start":{"line":94,"column":16},"end":{"line":94,"column":34}},"37":{"start":{"line":95,"column":16},"end":{"line":95,"column":56}},"38":{"start":{"line":97,"column":26},"end":{"line":101,"column":56}},"39":{"start":{"line":103,"column":2},"end":{"line":111,"column":4}},"40":{"start":{"line":118,"column":2},"end":{"line":118,"column":39}},"41":{"start":{"line":120,"column":14},"end":{"line":120,"column":112}},"42":{"start":{"line":121,"column":2},"end":{"line":123,"column":3}},"43":{"start":{"line":122,"column":4},"end":{"line":122,"column":57}},"44":{"start":{"line":125,"column":2},"end":{"line":125,"column":13}},"45":{"start":{"line":132,"column":2},"end":{"line":132,"column":39}},"46":{"start":{"line":134,"column":14},"end":{"line":134,"column":44}},"47":{"start":{"line":135,"column":2},"end":{"line":137,"column":3}},"48":{"start":{"line":136,"column":4},"end":{"line":136,"column":57}},"49":{"start":{"line":140,"column":2},"end":{"line":142,"column":3}},"50":{"start":{"line":141,"column":4},"end":{"line":141,"column":76}},"51":{"start":{"line":144,"column":2},"end":{"line":144,"column":91}},"52":{"start":{"line":144,"column":45},"end":{"line":144,"column":91}},"53":{"start":{"line":145,"column":2},"end":{"line":145,"column":87}},"54":{"start":{"line":145,"column":45},"end":{"line":145,"column":87}},"55":{"start":{"line":146,"column":2},"end":{"line":146,"column":80}},"56":{"start":{"line":146,"column":45},"end":{"line":146,"column":80}},"57":{"start":{"line":148,"column":2},"end":{"line":148,"column":19}},"58":{"start":{"line":149,"column":2},"end":{"line":149,"column":13}},"59":{"start":{"line":156,"column":2},"end":{"line":156,"column":39}},"60":{"start":{"line":158,"column":14},"end":{"line":158,"column":44}},"61":{"start":{"line":159,"column":2},"end":{"line":161,"column":3}},"62":{"start":{"line":160,"column":4},"end":{"line":160,"column":57}},"63":{"start":{"line":163,"column":2},"end":{"line":163,"column":43}},"64":{"start":{"line":164,"column":2},"end":{"line":164,"column":25}},"65":{"start":{"line":175,"column":2},"end":{"line":175,"column":39}},"66":{"start":{"line":177,"column":14},"end":{"line":177,"column":44}},"67":{"start":{"line":178,"column":2},"end":{"line":180,"column":3}},"68":{"start":{"line":179,"column":4},"end":{"line":179,"column":57}},"69":{"start":{"line":182,"column":2},"end":{"line":187,"column":3}},"70":{"start":{"line":183,"column":4},"end":{"line":186,"column":6}},"71":{"start":{"line":189,"column":18},"end":{"line":189,"column":47}},"72":{"start":{"line":190,"column":2},"end":{"line":190,"column":29}},"73":{"start":{"line":192,"column":2},"end":{"line":220,"column":3}},"74":{"start":{"line":194,"column":20},"end":{"line":194,"column":72}},"75":{"start":{"line":195,"column":4},"end":{"line":197,"column":5}},"76":{"start":{"line":196,"column":6},"end":{"line":196,"column":84}},"77":{"start":{"line":200,"column":4},"end":{"line":203,"column":5}},"78":{"start":{"line":201,"column":6},"end":{"line":201,"column":47}},"79":{"start":{"line":202,"column":6},"end":{"line":202,"column":38}},"80":{"start":{"line":206,"column":4},"end":{"line":206,"column":45}},"81":{"start":{"line":207,"column":4},"end":{"line":207,"column":34}},"82":{"start":{"line":208,"column":4},"end":{"line":210,"column":5}},"83":{"start":{"line":209,"column":6},"end":{"line":209,"column":30}},"84":{"start":{"line":211,"column":4},"end":{"line":211,"column":32}},"85":{"start":{"line":213,"column":4},"end":{"line":213,"column":38}},"86":{"start":{"line":214,"column":4},"end":{"line":214,"column":41}},"87":{"start":{"line":216,"column":4},"end":{"line":216,"column":37}},"88":{"start":{"line":217,"column":4},"end":{"line":217,"column":16}},"89":{"start":{"line":219,"column":4},"end":{"line":219,"column":25}}},"fnMap":{"0":{"name":"assertObjectId","decl":{"start":{"line":29,"column":9},"end":{"line":29,"column":23}},"loc":{"start":{"line":29,"column":56},"end":{"line":33,"column":1}}},"1":{"name":"createMaintenance","decl":{"start":{"line":43,"column":22},"end":{"line":43,"column":39}},"loc":{"start":{"line":43,"column":69},"end":{"line":77,"column":1}}},"2":{"name":"getAllMaintenance","decl":{"start":{"line":83,"column":22},"end":{"line":83,"column":39}},"loc":{"start":{"line":83,"column":72},"end":{"line":112,"column":1}}},"3":{"name":"getMaintenanceById","decl":{"start":{"line":117,"column":22},"end":{"line":117,"column":40}},"loc":{"start":{"line":117,"column":51},"end":{"line":126,"column":1}}},"4":{"name":"updateMaintenance","decl":{"start":{"line":131,"column":22},"end":{"line":131,"column":39}},"loc":{"start":{"line":131,"column":83},"end":{"line":150,"column":1}}},"5":{"name":"deleteMaintenance","decl":{"start":{"line":155,"column":22},"end":{"line":155,"column":39}},"loc":{"start":{"line":155,"column":50},"end":{"line":165,"column":1}}},"6":{"name":"completeMaintenance","decl":{"start":{"line":174,"column":22},"end":{"line":174,"column":41}},"loc":{"start":{"line":174,"column":87},"end":{"line":221,"column":1}}}},"branchMap":{"0":{"loc":{"start":{"line":30,"column":2},"end":{"line":32,"column":3}},"type":"if","locations":[{"start":{"line":30,"column":2},"end":{"line":32,"column":3}},{"start":{},"end":{}}]},"1":{"loc":{"start":{"line":52,"column":4},"end":{"line":54,"column":5}},"type":"if","locations":[{"start":{"line":52,"column":4},"end":{"line":54,"column":5}},{"start":{},"end":{}}]},"2":{"loc":{"start":{"line":64,"column":4},"end":{"line":67,"column":5}},"type":"if","locations":[{"start":{"line":64,"column":4},"end":{"line":67,"column":5}},{"start":{},"end":{}}]},"3":{"loc":{"start":{"line":83,"column":40},"end":{"line":83,"column":72}},"type":"default-arg","locations":[{"start":{"line":83,"column":70},"end":{"line":83,"column":72}}]},"4":{"loc":{"start":{"line":84,"column":18},"end":{"line":84,"column":26}},"type":"default-arg","locations":[{"start":{"line":84,"column":25},"end":{"line":84,"column":26}}]},"5":{"loc":{"start":{"line":84,"column":28},"end":{"line":84,"column":38}},"type":"default-arg","locations":[{"start":{"line":84,"column":36},"end":{"line":84,"column":38}}]},"6":{"loc":{"start":{"line":87,"column":2},"end":{"line":92,"column":3}},"type":"if","locations":[{"start":{"line":87,"column":2},"end":{"line":92,"column":3}},{"start":{},"end":{}}]},"7":{"loc":{"start":{"line":88,"column":4},"end":{"line":90,"column":5}},"type":"if","locations":[{"start":{"line":88,"column":4},"end":{"line":90,"column":5}},{"start":{},"end":{}}]},"8":{"loc":{"start":{"line":121,"column":2},"end":{"line":123,"column":3}},"type":"if","locations":[{"start":{"line":121,"column":2},"end":{"line":123,"column":3}},{"start":{},"end":{}}]},"9":{"loc":{"start":{"line":135,"column":2},"end":{"line":137,"column":3}},"type":"if","locations":[{"start":{"line":135,"column":2},"end":{"line":137,"column":3}},{"start":{},"end":{}}]},"10":{"loc":{"start":{"line":140,"column":2},"end":{"line":142,"column":3}},"type":"if","locations":[{"start":{"line":140,"column":2},"end":{"line":142,"column":3}},{"start":{},"end":{}}]},"11":{"loc":{"start":{"line":144,"column":2},"end":{"line":144,"column":91}},"type":"if","locations":[{"start":{"line":144,"column":2},"end":{"line":144,"column":91}},{"start":{},"end":{}}]},"12":{"loc":{"start":{"line":145,"column":2},"end":{"line":145,"column":87}},"type":"if","locations":[{"start":{"line":145,"column":2},"end":{"line":145,"column":87}},{"start":{},"end":{}}]},"13":{"loc":{"start":{"line":146,"column":2},"end":{"line":146,"column":80}},"type":"if","locations":[{"start":{"line":146,"column":2},"end":{"line":146,"column":80}},{"start":{},"end":{}}]},"14":{"loc":{"start":{"line":159,"column":2},"end":{"line":161,"column":3}},"type":"if","locations":[{"start":{"line":159,"column":2},"end":{"line":161,"column":3}},{"start":{},"end":{}}]},"15":{"loc":{"start":{"line":178,"column":2},"end":{"line":180,"column":3}},"type":"if","locations":[{"start":{"line":178,"column":2},"end":{"line":180,"column":3}},{"start":{},"end":{}}]},"16":{"loc":{"start":{"line":182,"column":2},"end":{"line":187,"column":3}},"type":"if","locations":[{"start":{"line":182,"column":2},"end":{"line":187,"column":3}},{"start":{},"end":{}}]},"17":{"loc":{"start":{"line":195,"column":4},"end":{"line":197,"column":5}},"type":"if","locations":[{"start":{"line":195,"column":4},"end":{"line":197,"column":5}},{"start":{},"end":{}}]},"18":{"loc":{"start":{"line":200,"column":4},"end":{"line":203,"column":5}},"type":"if","locations":[{"start":{"line":200,"column":4},"end":{"line":203,"column":5}},{"start":{},"end":{}}]},"19":{"loc":{"start":{"line":208,"column":4},"end":{"line":210,"column":5}},"type":"if","locations":[{"start":{"line":208,"column":4},"end":{"line":210,"column":5}},{"start":{},"end":{}}]}},"s":{"0":1,"1":1,"2":1,"3":1,"4":1,"5":1,"6":1,"7":1,"8":1,"9":1,"10":1,"11":5,"12":0,"13":3,"14":3,"15":3,"16":3,"17":3,"18":3,"19":3,"20":0,"21":3,"22":3,"23":2,"24":2,"25":3,"26":3,"27":0,"28":0,"29":3,"30":0,"31":0,"32":0,"33":0,"34":0,"35":0,"36":0,"37":0,"38":0,"39":0,"40":0,"41":0,"42":0,"43":0,"44":0,"45":0,"46":0,"47":0,"48":0,"49":0,"50":0,"51":0,"52":0,"53":0,"54":0,"55":0,"56":0,"57":0,"58":0,"59":0,"60":0,"61":0,"62":0,"63":0,"64":0,"65":2,"66":2,"67":2,"68":0,"69":2,"70":0,"71":2,"72":2,"73":2,"74":2,"75":2,"76":0,"77":2,"78":1,"79":1,"80":2,"81":2,"82":2,"83":0,"84":2,"85":2,"86":2,"87":0,"88":0,"89":2},"f":{"0":5,"1":3,"2":0,"3":0,"4":0,"5":0,"6":2},"b":{"0":[0,5],"1":[0,3],"2":[2,1],"3":[0],"4":[0],"5":[0],"6":[0,0],"7":[0,0],"8":[0,0],"9":[0,0],"10":[0,0],"11":[0,0],"12":[0,0],"13":[0,0],"14":[0,0],"15":[0,2],"16":[0,2],"17":[0,2],"18":[1,1],"19":[0,2]}}
,"E:\\Odoo Hackathon '26\\Odoo-Hackathon-26\\backend\\src\\services\\trip.service.ts": {"path":"E:\\Odoo Hackathon '26\\Odoo-Hackathon-26\\backend\\src\\services\\trip.service.ts","statementMap":{"0":{"start":{"line":165,"column":0},"end":{"line":165,"column":7}},"1":{"start":{"line":193,"column":0},"end":{"line":193,"column":7}},"2":{"start":{"line":231,"column":0},"end":{"line":231,"column":7}},"3":{"start":{"line":315,"column":0},"end":{"line":315,"column":7}},"4":{"start":{"line":337,"column":0},"end":{"line":337,"column":7}},"5":{"start":{"line":380,"column":0},"end":{"line":380,"column":7}},"6":{"start":{"line":408,"column":0},"end":{"line":408,"column":7}},"7":{"start":{"line":495,"column":0},"end":{"line":495,"column":7}},"8":{"start":{"line":577,"column":0},"end":{"line":577,"column":7}},"9":{"start":{"line":16,"column":0},"end":{"line":16,"column":32}},"10":{"start":{"line":17,"column":0},"end":{"line":17,"column":43}},"11":{"start":{"line":18,"column":0},"end":{"line":18,"column":46}},"12":{"start":{"line":19,"column":0},"end":{"line":19,"column":45}},"13":{"start":{"line":20,"column":0},"end":{"line":20,"column":50}},"14":{"start":{"line":21,"column":0},"end":{"line":21,"column":77}},"15":{"start":{"line":56,"column":2},"end":{"line":58,"column":3}},"16":{"start":{"line":57,"column":4},"end":{"line":57,"column":52}},"17":{"start":{"line":62,"column":2},"end":{"line":62,"column":55}},"18":{"start":{"line":90,"column":28},"end":{"line":93,"column":4}},"19":{"start":{"line":96,"column":2},"end":{"line":98,"column":3}},"20":{"start":{"line":97,"column":4},"end":{"line":97,"column":68}},"21":{"start":{"line":100,"column":2},"end":{"line":105,"column":3}},"22":{"start":{"line":101,"column":4},"end":{"line":104,"column":6}},"23":{"start":{"line":107,"column":2},"end":{"line":112,"column":3}},"24":{"start":{"line":108,"column":4},"end":{"line":111,"column":6}},"25":{"start":{"line":114,"column":2},"end":{"line":119,"column":3}},"26":{"start":{"line":115,"column":4},"end":{"line":118,"column":6}},"27":{"start":{"line":122,"column":2},"end":{"line":127,"column":3}},"28":{"start":{"line":123,"column":4},"end":{"line":126,"column":6}},"29":{"start":{"line":130,"column":2},"end":{"line":132,"column":3}},"30":{"start":{"line":131,"column":4},"end":{"line":131,"column":66}},"31":{"start":{"line":134,"column":2},"end":{"line":139,"column":3}},"32":{"start":{"line":135,"column":4},"end":{"line":138,"column":6}},"33":{"start":{"line":141,"column":14},"end":{"line":141,"column":24}},"34":{"start":{"line":142,"column":2},"end":{"line":148,"column":3}},"35":{"start":{"line":143,"column":22},"end":{"line":143,"column":84}},"36":{"start":{"line":144,"column":4},"end":{"line":147,"column":6}},"37":{"start":{"line":150,"column":2},"end":{"line":155,"column":3}},"38":{"start":{"line":151,"column":4},"end":{"line":154,"column":6}},"39":{"start":{"line":166,"column":43},"end":{"line":166,"column":48}},"40":{"start":{"line":168,"column":2},"end":{"line":168,"column":41}},"41":{"start":{"line":169,"column":2},"end":{"line":169,"column":40}},"42":{"start":{"line":174,"column":2},"end":{"line":174,"column":73}},"43":{"start":{"line":177,"column":15},"end":{"line":182,"column":4}},"44":{"start":{"line":184,"column":2},"end":{"line":184,"column":14}},"45":{"start":{"line":194,"column":43},"end":{"line":194,"column":48}},"46":{"start":{"line":196,"column":42},"end":{"line":196,"column":44}},"47":{"start":{"line":197,"column":2},"end":{"line":203,"column":3}},"48":{"start":{"line":199,"column":4},"end":{"line":201,"column":5}},"49":{"start":{"line":200,"column":6},"end":{"line":200,"column":111}},"50":{"start":{"line":202,"column":4},"end":{"line":202,"column":27}},"51":{"start":{"line":205,"column":16},"end":{"line":205,"column":34}},"52":{"start":{"line":206,"column":16},"end":{"line":206,"column":49}},"53":{"start":{"line":208,"column":16},"end":{"line":213,"column":46}},"54":{"start":{"line":215,"column":2},"end":{"line":223,"column":4}},"55":{"start":{"line":239,"column":6},"end":{"line":239,"column":11}},"56":{"start":{"line":240,"column":24},"end":{"line":240,"column":39}},"57":{"start":{"line":241,"column":25},"end":{"line":241,"column":42}},"58":{"start":{"line":242,"column":2},"end":{"line":244,"column":3}},"59":{"start":{"line":243,"column":4},"end":{"line":243,"column":68}},"60":{"start":{"line":245,"column":15},"end":{"line":245,"column":53}},"61":{"start":{"line":246,"column":16},"end":{"line":246,"column":70}},"62":{"start":{"line":248,"column":2},"end":{"line":250,"column":3}},"63":{"start":{"line":249,"column":4},"end":{"line":249,"column":109}},"64":{"start":{"line":251,"column":2},"end":{"line":251,"column":57}},"65":{"start":{"line":251,"column":17},"end":{"line":251,"column":57}},"66":{"start":{"line":252,"column":2},"end":{"line":252,"column":54}},"67":{"start":{"line":252,"column":16},"end":{"line":252,"column":54}},"68":{"start":{"line":253,"column":2},"end":{"line":255,"column":3}},"69":{"start":{"line":254,"column":4},"end":{"line":254,"column":78}},"70":{"start":{"line":256,"column":2},"end":{"line":258,"column":3}},"71":{"start":{"line":257,"column":4},"end":{"line":257,"column":68}},"72":{"start":{"line":260,"column":42},"end":{"line":260,"column":44}},"73":{"start":{"line":261,"column":2},"end":{"line":261,"column":37}},"74":{"start":{"line":261,"column":14},"end":{"line":261,"column":37}},"75":{"start":{"line":262,"column":2},"end":{"line":262,"column":44}},"76":{"start":{"line":262,"column":17},"end":{"line":262,"column":44}},"77":{"start":{"line":263,"column":2},"end":{"line":263,"column":41}},"78":{"start":{"line":263,"column":16},"end":{"line":263,"column":41}},"79":{"start":{"line":265,"column":2},"end":{"line":283,"column":3}},"80":{"start":{"line":266,"column":26},"end":{"line":266,"column":70}},"81":{"start":{"line":267,"column":48},"end":{"line":274,"column":6}},"82":{"start":{"line":276,"column":4},"end":{"line":282,"column":6}},"83":{"start":{"line":285,"column":15},"end":{"line":285,"column":33}},"84":{"start":{"line":286,"column":24},"end":{"line":286,"column":52}},"85":{"start":{"line":287,"column":25},"end":{"line":297,"column":4}},"86":{"start":{"line":299,"column":2},"end":{"line":307,"column":4}},"87":{"start":{"line":316,"column":2},"end":{"line":316,"column":32}},"88":{"start":{"line":318,"column":15},"end":{"line":320,"column":60}},"89":{"start":{"line":322,"column":2},"end":{"line":324,"column":3}},"90":{"start":{"line":323,"column":4},"end":{"line":323,"column":46}},"91":{"start":{"line":326,"column":2},"end":{"line":326,"column":14}},"92":{"start":{"line":338,"column":2},"end":{"line":338,"column":32}},"93":{"start":{"line":340,"column":15},"end":{"line":340,"column":38}},"94":{"start":{"line":341,"column":2},"end":{"line":341,"column":55}},"95":{"start":{"line":341,"column":13},"end":{"line":341,"column":55}},"96":{"start":{"line":343,"column":2},"end":{"line":348,"column":3}},"97":{"start":{"line":344,"column":4},"end":{"line":347,"column":6}},"98":{"start":{"line":350,"column":43},"end":{"line":350,"column":50}},"99":{"start":{"line":353,"column":2},"end":{"line":356,"column":3}},"100":{"start":{"line":354,"column":4},"end":{"line":354,"column":43}},"101":{"start":{"line":355,"column":4},"end":{"line":355,"column":58}},"102":{"start":{"line":357,"column":2},"end":{"line":360,"column":3}},"103":{"start":{"line":358,"column":4},"end":{"line":358,"column":41}},"104":{"start":{"line":359,"column":4},"end":{"line":359,"column":56}},"105":{"start":{"line":363,"column":2},"end":{"line":363,"column":77}},"106":{"start":{"line":363,"column":42},"end":{"line":363,"column":77}},"107":{"start":{"line":364,"column":2},"end":{"line":364,"column":82}},"108":{"start":{"line":364,"column":42},"end":{"line":364,"column":82}},"109":{"start":{"line":365,"column":2},"end":{"line":365,"column":82}},"110":{"start":{"line":365,"column":42},"end":{"line":365,"column":82}},"111":{"start":{"line":366,"column":2},"end":{"line":366,"column":86}},"112":{"start":{"line":366,"column":42},"end":{"line":366,"column":86}},"113":{"start":{"line":368,"column":2},"end":{"line":368,"column":20}},"114":{"start":{"line":369,"column":2},"end":{"line":369,"column":14}},"115":{"start":{"line":381,"column":2},"end":{"line":381,"column":32}},"116":{"start":{"line":383,"column":15},"end":{"line":383,"column":38}},"117":{"start":{"line":384,"column":2},"end":{"line":384,"column":55}},"118":{"start":{"line":384,"column":13},"end":{"line":384,"column":55}},"119":{"start":{"line":386,"column":42},"end":{"line":386,"column":82}},"120":{"start":{"line":387,"column":2},"end":{"line":392,"column":3}},"121":{"start":{"line":388,"column":4},"end":{"line":391,"column":6}},"122":{"start":{"line":394,"column":2},"end":{"line":394,"column":36}},"123":{"start":{"line":395,"column":2},"end":{"line":395,"column":41}},"124":{"start":{"line":409,"column":2},"end":{"line":409,"column":32}},"125":{"start":{"line":411,"column":18},"end":{"line":411,"column":47}},"126":{"start":{"line":412,"column":2},"end":{"line":412,"column":29}},"127":{"start":{"line":414,"column":2},"end":{"line":482,"column":3}},"128":{"start":{"line":417,"column":17},"end":{"line":417,"column":57}},"129":{"start":{"line":418,"column":4},"end":{"line":420,"column":5}},"130":{"start":{"line":419,"column":6},"end":{"line":419,"column":48}},"131":{"start":{"line":422,"column":4},"end":{"line":427,"column":5}},"132":{"start":{"line":423,"column":6},"end":{"line":426,"column":8}},"133":{"start":{"line":429,"column":30},"end":{"line":432,"column":6}},"134":{"start":{"line":434,"column":4},"end":{"line":436,"column":5}},"135":{"start":{"line":435,"column":6},"end":{"line":435,"column":73}},"136":{"start":{"line":437,"column":4},"end":{"line":439,"column":5}},"137":{"start":{"line":438,"column":6},"end":{"line":438,"column":92}},"138":{"start":{"line":440,"column":4},"end":{"line":442,"column":5}},"139":{"start":{"line":441,"column":6},"end":{"line":441,"column":109}},"140":{"start":{"line":443,"column":4},"end":{"line":445,"column":5}},"141":{"start":{"line":444,"column":6},"end":{"line":444,"column":109}},"142":{"start":{"line":446,"column":4},"end":{"line":448,"column":5}},"143":{"start":{"line":447,"column":6},"end":{"line":447,"column":125}},"144":{"start":{"line":450,"column":4},"end":{"line":452,"column":5}},"145":{"start":{"line":451,"column":6},"end":{"line":451,"column":72}},"146":{"start":{"line":453,"column":4},"end":{"line":455,"column":5}},"147":{"start":{"line":454,"column":6},"end":{"line":454,"column":76}},"148":{"start":{"line":456,"column":4},"end":{"line":458,"column":5}},"149":{"start":{"line":457,"column":6},"end":{"line":457,"column":95}},"150":{"start":{"line":459,"column":4},"end":{"line":461,"column":5}},"151":{"start":{"line":460,"column":6},"end":{"line":460,"column":105}},"152":{"start":{"line":462,"column":4},"end":{"line":464,"column":5}},"153":{"start":{"line":463,"column":6},"end":{"line":463,"column":108}},"154":{"start":{"line":467,"column":4},"end":{"line":467,"column":40}},"155":{"start":{"line":468,"column":4},"end":{"line":468,"column":35}},"156":{"start":{"line":469,"column":4},"end":{"line":469,"column":33}},"157":{"start":{"line":471,"column":4},"end":{"line":471,"column":43}},"158":{"start":{"line":472,"column":4},"end":{"line":472,"column":41}},"159":{"start":{"line":473,"column":4},"end":{"line":473,"column":77}},"160":{"start":{"line":475,"column":4},"end":{"line":475,"column":38}},"161":{"start":{"line":476,"column":4},"end":{"line":476,"column":16}},"162":{"start":{"line":478,"column":4},"end":{"line":478,"column":37}},"163":{"start":{"line":479,"column":4},"end":{"line":479,"column":16}},"164":{"start":{"line":481,"column":4},"end":{"line":481,"column":25}},"165":{"start":{"line":503,"column":2},"end":{"line":503,"column":32}},"166":{"start":{"line":505,"column":15},"end":{"line":505,"column":38}},"167":{"start":{"line":506,"column":2},"end":{"line":508,"column":3}},"168":{"start":{"line":507,"column":4},"end":{"line":507,"column":46}},"169":{"start":{"line":510,"column":2},"end":{"line":515,"column":3}},"170":{"start":{"line":511,"column":4},"end":{"line":514,"column":6}},"171":{"start":{"line":517,"column":18},"end":{"line":517,"column":47}},"172":{"start":{"line":518,"column":2},"end":{"line":518,"column":29}},"173":{"start":{"line":520,"column":2},"end":{"line":564,"column":3}},"174":{"start":{"line":522,"column":20},"end":{"line":522,"column":73}},"175":{"start":{"line":523,"column":4},"end":{"line":525,"column":5}},"176":{"start":{"line":524,"column":6},"end":{"line":524,"column":73}},"177":{"start":{"line":527,"column":4},"end":{"line":532,"column":5}},"178":{"start":{"line":528,"column":6},"end":{"line":531,"column":8}},"179":{"start":{"line":535,"column":4},"end":{"line":535,"column":39}},"180":{"start":{"line":536,"column":4},"end":{"line":536,"column":49}},"181":{"start":{"line":537,"column":4},"end":{"line":537,"column":47}},"182":{"start":{"line":538,"column":4},"end":{"line":538,"column":45}},"183":{"start":{"line":539,"column":4},"end":{"line":539,"column":34}},"184":{"start":{"line":540,"column":4},"end":{"line":540,"column":33}},"185":{"start":{"line":543,"column":4},"end":{"line":543,"column":45}},"186":{"start":{"line":544,"column":4},"end":{"line":544,"column":45}},"187":{"start":{"line":545,"column":4},"end":{"line":545,"column":36}},"188":{"start":{"line":548,"column":19},"end":{"line":551,"column":null}},"189":{"start":{"line":553,"column":4},"end":{"line":555,"column":5}},"190":{"start":{"line":554,"column":6},"end":{"line":554,"column":72}},"191":{"start":{"line":557,"column":4},"end":{"line":557,"column":38}},"192":{"start":{"line":558,"column":4},"end":{"line":558,"column":16}},"193":{"start":{"line":560,"column":4},"end":{"line":560,"column":37}},"194":{"start":{"line":561,"column":4},"end":{"line":561,"column":16}},"195":{"start":{"line":563,"column":4},"end":{"line":563,"column":25}},"196":{"start":{"line":578,"column":2},"end":{"line":578,"column":32}},"197":{"start":{"line":580,"column":15},"end":{"line":580,"column":38}},"198":{"start":{"line":581,"column":2},"end":{"line":583,"column":3}},"199":{"start":{"line":582,"column":4},"end":{"line":582,"column":46}},"200":{"start":{"line":585,"column":2},"end":{"line":590,"column":3}},"201":{"start":{"line":586,"column":4},"end":{"line":589,"column":6}},"202":{"start":{"line":592,"column":18},"end":{"line":592,"column":47}},"203":{"start":{"line":593,"column":2},"end":{"line":593,"column":29}},"204":{"start":{"line":595,"column":2},"end":{"line":627,"column":3}},"205":{"start":{"line":597,"column":4},"end":{"line":597,"column":39}},"206":{"start":{"line":598,"column":4},"end":{"line":598,"column":33}},"207":{"start":{"line":601,"column":20},"end":{"line":604,"column":null}},"208":{"start":{"line":606,"column":4},"end":{"line":608,"column":5}},"209":{"start":{"line":607,"column":6},"end":{"line":607,"column":73}},"210":{"start":{"line":611,"column":19},"end":{"line":614,"column":null}},"211":{"start":{"line":616,"column":4},"end":{"line":618,"column":5}},"212":{"start":{"line":617,"column":6},"end":{"line":617,"column":72}},"213":{"start":{"line":620,"column":4},"end":{"line":620,"column":38}},"214":{"start":{"line":621,"column":4},"end":{"line":621,"column":16}},"215":{"start":{"line":623,"column":4},"end":{"line":623,"column":37}},"216":{"start":{"line":624,"column":4},"end":{"line":624,"column":16}},"217":{"start":{"line":626,"column":4},"end":{"line":626,"column":25}}},"fnMap":{"0":{"name":"assertObjectId","decl":{"start":{"line":55,"column":9},"end":{"line":55,"column":23}},"loc":{"start":{"line":55,"column":56},"end":{"line":59,"column":1}}},"1":{"name":"escapeRegExp","decl":{"start":{"line":61,"column":9},"end":{"line":61,"column":21}},"loc":{"start":{"line":61,"column":35},"end":{"line":63,"column":1}}},"2":{"name":"validateTripPreConditions","decl":{"start":{"line":84,"column":15},"end":{"line":84,"column":40}},"loc":{"start":{"line":87,"column":21},"end":{"line":156,"column":1}}},"3":{"name":"createTrip","decl":{"start":{"line":165,"column":22},"end":{"line":165,"column":32}},"loc":{"start":{"line":165,"column":55},"end":{"line":185,"column":1}}},"4":{"name":"getAllTrips","decl":{"start":{"line":193,"column":22},"end":{"line":193,"column":33}},"loc":{"start":{"line":193,"column":59},"end":{"line":224,"column":1}}},"5":{"name":"getTripHistory","decl":{"start":{"line":231,"column":22},"end":{"line":231,"column":36}},"loc":{"start":{"line":231,"column":65},"end":{"line":308,"column":1}}},"6":{"name":"getTripById","decl":{"start":{"line":315,"column":22},"end":{"line":315,"column":33}},"loc":{"start":{"line":315,"column":44},"end":{"line":327,"column":1}}},"7":{"name":"updateTrip","decl":{"start":{"line":337,"column":22},"end":{"line":337,"column":32}},"loc":{"start":{"line":337,"column":71},"end":{"line":370,"column":1}}},"8":{"name":"deleteTrip","decl":{"start":{"line":380,"column":22},"end":{"line":380,"column":32}},"loc":{"start":{"line":380,"column":43},"end":{"line":396,"column":1}}},"9":{"name":"dispatchTrip","decl":{"start":{"line":408,"column":22},"end":{"line":408,"column":34}},"loc":{"start":{"line":408,"column":45},"end":{"line":483,"column":1}}},"10":{"name":"completeTrip","decl":{"start":{"line":495,"column":22},"end":{"line":495,"column":34}},"loc":{"start":{"line":501,"column":3},"end":{"line":565,"column":1}}},"11":{"name":"cancelTrip","decl":{"start":{"line":577,"column":22},"end":{"line":577,"column":32}},"loc":{"start":{"line":577,"column":43},"end":{"line":628,"column":1}}}},"branchMap":{"0":{"loc":{"start":{"line":56,"column":2},"end":{"line":58,"column":3}},"type":"if","locations":[{"start":{"line":56,"column":2},"end":{"line":58,"column":3}},{"start":{},"end":{}}]},"1":{"loc":{"start":{"line":96,"column":2},"end":{"line":98,"column":3}},"type":"if","locations":[{"start":{"line":96,"column":2},"end":{"line":98,"column":3}},{"start":{},"end":{}}]},"2":{"loc":{"start":{"line":100,"column":2},"end":{"line":105,"column":3}},"type":"if","locations":[{"start":{"line":100,"column":2},"end":{"line":105,"column":3}},{"start":{},"end":{}}]},"3":{"loc":{"start":{"line":107,"column":2},"end":{"line":112,"column":3}},"type":"if","locations":[{"start":{"line":107,"column":2},"end":{"line":112,"column":3}},{"start":{},"end":{}}]},"4":{"loc":{"start":{"line":114,"column":2},"end":{"line":119,"column":3}},"type":"if","locations":[{"start":{"line":114,"column":2},"end":{"line":119,"column":3}},{"start":{},"end":{}}]},"5":{"loc":{"start":{"line":122,"column":2},"end":{"line":127,"column":3}},"type":"if","locations":[{"start":{"line":122,"column":2},"end":{"line":127,"column":3}},{"start":{},"end":{}}]},"6":{"loc":{"start":{"line":130,"column":2},"end":{"line":132,"column":3}},"type":"if","locations":[{"start":{"line":130,"column":2},"end":{"line":132,"column":3}},{"start":{},"end":{}}]},"7":{"loc":{"start":{"line":134,"column":2},"end":{"line":139,"column":3}},"type":"if","locations":[{"start":{"line":134,"column":2},"end":{"line":139,"column":3}},{"start":{},"end":{}}]},"8":{"loc":{"start":{"line":142,"column":2},"end":{"line":148,"column":3}},"type":"if","locations":[{"start":{"line":142,"column":2},"end":{"line":148,"column":3}},{"start":{},"end":{}}]},"9":{"loc":{"start":{"line":150,"column":2},"end":{"line":155,"column":3}},"type":"if","locations":[{"start":{"line":150,"column":2},"end":{"line":155,"column":3}},{"start":{},"end":{}}]},"10":{"loc":{"start":{"line":193,"column":34},"end":{"line":193,"column":59}},"type":"default-arg","locations":[{"start":{"line":193,"column":57},"end":{"line":193,"column":59}}]},"11":{"loc":{"start":{"line":194,"column":18},"end":{"line":194,"column":26}},"type":"default-arg","locations":[{"start":{"line":194,"column":25},"end":{"line":194,"column":26}}]},"12":{"loc":{"start":{"line":194,"column":28},"end":{"line":194,"column":38}},"type":"default-arg","locations":[{"start":{"line":194,"column":36},"end":{"line":194,"column":38}}]},"13":{"loc":{"start":{"line":197,"column":2},"end":{"line":203,"column":3}},"type":"if","locations":[{"start":{"line":197,"column":2},"end":{"line":203,"column":3}},{"start":{},"end":{}}]},"14":{"loc":{"start":{"line":199,"column":4},"end":{"line":201,"column":5}},"type":"if","locations":[{"start":{"line":199,"column":4},"end":{"line":201,"column":5}},{"start":{},"end":{}}]},"15":{"loc":{"start":{"line":231,"column":37},"end":{"line":231,"column":65}},"type":"default-arg","locations":[{"start":{"line":231,"column":63},"end":{"line":231,"column":65}}]},"16":{"loc":{"start":{"line":237,"column":4},"end":{"line":237,"column":24}},"type":"default-arg","locations":[{"start":{"line":237,"column":13},"end":{"line":237,"column":24}}]},"17":{"loc":{"start":{"line":238,"column":4},"end":{"line":238,"column":22}},"type":"default-arg","locations":[{"start":{"line":238,"column":16},"end":{"line":238,"column":22}}]},"18":{"loc":{"start":{"line":240,"column":24},"end":{"line":240,"column":39}},"type":"binary-expr","locations":[{"start":{"line":240,"column":24},"end":{"line":240,"column":34}},{"start":{"line":240,"column":38},"end":{"line":240,"column":39}}]},"19":{"loc":{"start":{"line":241,"column":25},"end":{"line":241,"column":42}},"type":"binary-expr","locations":[{"start":{"line":241,"column":25},"end":{"line":241,"column":36}},{"start":{"line":241,"column":40},"end":{"line":241,"column":42}}]},"20":{"loc":{"start":{"line":242,"column":2},"end":{"line":244,"column":3}},"type":"if","locations":[{"start":{"line":242,"column":2},"end":{"line":244,"column":3}},{"start":{},"end":{}}]},"21":{"loc":{"start":{"line":242,"column":6},"end":{"line":242,"column":73}},"type":"binary-expr","locations":[{"start":{"line":242,"column":6},"end":{"line":242,"column":37}},{"start":{"line":242,"column":41},"end":{"line":242,"column":73}}]},"22":{"loc":{"start":{"line":248,"column":2},"end":{"line":250,"column":3}},"type":"if","locations":[{"start":{"line":248,"column":2},"end":{"line":250,"column":3}},{"start":{},"end":{}}]},"23":{"loc":{"start":{"line":248,"column":6},"end":{"line":248,"column":59}},"type":"binary-expr","locations":[{"start":{"line":248,"column":6},"end":{"line":248,"column":12}},{"start":{"line":248,"column":16},"end":{"line":248,"column":59}}]},"24":{"loc":{"start":{"line":251,"column":2},"end":{"line":251,"column":57}},"type":"if","locations":[{"start":{"line":251,"column":2},"end":{"line":251,"column":57}},{"start":{},"end":{}}]},"25":{"loc":{"start":{"line":252,"column":2},"end":{"line":252,"column":54}},"type":"if","locations":[{"start":{"line":252,"column":2},"end":{"line":252,"column":54}},{"start":{},"end":{}}]},"26":{"loc":{"start":{"line":253,"column":2},"end":{"line":255,"column":3}},"type":"if","locations":[{"start":{"line":253,"column":2},"end":{"line":255,"column":3}},{"start":{},"end":{}}]},"27":{"loc":{"start":{"line":256,"column":2},"end":{"line":258,"column":3}},"type":"if","locations":[{"start":{"line":256,"column":2},"end":{"line":258,"column":3}},{"start":{},"end":{}}]},"28":{"loc":{"start":{"line":261,"column":2},"end":{"line":261,"column":37}},"type":"if","locations":[{"start":{"line":261,"column":2},"end":{"line":261,"column":37}},{"start":{},"end":{}}]},"29":{"loc":{"start":{"line":262,"column":2},"end":{"line":262,"column":44}},"type":"if","locations":[{"start":{"line":262,"column":2},"end":{"line":262,"column":44}},{"start":{},"end":{}}]},"30":{"loc":{"start":{"line":263,"column":2},"end":{"line":263,"column":41}},"type":"if","locations":[{"start":{"line":263,"column":2},"end":{"line":263,"column":41}},{"start":{},"end":{}}]},"31":{"loc":{"start":{"line":265,"column":2},"end":{"line":283,"column":3}},"type":"if","locations":[{"start":{"line":265,"column":2},"end":{"line":283,"column":3}},{"start":{},"end":{}}]},"32":{"loc":{"start":{"line":280,"column":10},"end":{"line":280,"column":81}},"type":"cond-expr","locations":[{"start":{"line":280,"column":36},"end":{"line":280,"column":76}},{"start":{"line":280,"column":79},"end":{"line":280,"column":81}}]},"33":{"loc":{"start":{"line":281,"column":10},"end":{"line":281,"column":78}},"type":"cond-expr","locations":[{"start":{"line":281,"column":35},"end":{"line":281,"column":73}},{"start":{"line":281,"column":76},"end":{"line":281,"column":78}}]},"34":{"loc":{"start":{"line":286,"column":24},"end":{"line":286,"column":52}},"type":"cond-expr","locations":[{"start":{"line":286,"column":46},"end":{"line":286,"column":47}},{"start":{"line":286,"column":50},"end":{"line":286,"column":52}}]},"35":{"loc":{"start":{"line":322,"column":2},"end":{"line":324,"column":3}},"type":"if","locations":[{"start":{"line":322,"column":2},"end":{"line":324,"column":3}},{"start":{},"end":{}}]},"36":{"loc":{"start":{"line":341,"column":2},"end":{"line":341,"column":55}},"type":"if","locations":[{"start":{"line":341,"column":2},"end":{"line":341,"column":55}},{"start":{},"end":{}}]},"37":{"loc":{"start":{"line":343,"column":2},"end":{"line":348,"column":3}},"type":"if","locations":[{"start":{"line":343,"column":2},"end":{"line":348,"column":3}},{"start":{},"end":{}}]},"38":{"loc":{"start":{"line":353,"column":2},"end":{"line":356,"column":3}},"type":"if","locations":[{"start":{"line":353,"column":2},"end":{"line":356,"column":3}},{"start":{},"end":{}}]},"39":{"loc":{"start":{"line":357,"column":2},"end":{"line":360,"column":3}},"type":"if","locations":[{"start":{"line":357,"column":2},"end":{"line":360,"column":3}},{"start":{},"end":{}}]},"40":{"loc":{"start":{"line":363,"column":2},"end":{"line":363,"column":77}},"type":"if","locations":[{"start":{"line":363,"column":2},"end":{"line":363,"column":77}},{"start":{},"end":{}}]},"41":{"loc":{"start":{"line":364,"column":2},"end":{"line":364,"column":82}},"type":"if","locations":[{"start":{"line":364,"column":2},"end":{"line":364,"column":82}},{"start":{},"end":{}}]},"42":{"loc":{"start":{"line":365,"column":2},"end":{"line":365,"column":82}},"type":"if","locations":[{"start":{"line":365,"column":2},"end":{"line":365,"column":82}},{"start":{},"end":{}}]},"43":{"loc":{"start":{"line":366,"column":2},"end":{"line":366,"column":86}},"type":"if","locations":[{"start":{"line":366,"column":2},"end":{"line":366,"column":86}},{"start":{},"end":{}}]},"44":{"loc":{"start":{"line":384,"column":2},"end":{"line":384,"column":55}},"type":"if","locations":[{"start":{"line":384,"column":2},"end":{"line":384,"column":55}},{"start":{},"end":{}}]},"45":{"loc":{"start":{"line":387,"column":2},"end":{"line":392,"column":3}},"type":"if","locations":[{"start":{"line":387,"column":2},"end":{"line":392,"column":3}},{"start":{},"end":{}}]},"46":{"loc":{"start":{"line":418,"column":4},"end":{"line":420,"column":5}},"type":"if","locations":[{"start":{"line":418,"column":4},"end":{"line":420,"column":5}},{"start":{},"end":{}}]},"47":{"loc":{"start":{"line":422,"column":4},"end":{"line":427,"column":5}},"type":"if","locations":[{"start":{"line":422,"column":4},"end":{"line":427,"column":5}},{"start":{},"end":{}}]},"48":{"loc":{"start":{"line":434,"column":4},"end":{"line":436,"column":5}},"type":"if","locations":[{"start":{"line":434,"column":4},"end":{"line":436,"column":5}},{"start":{},"end":{}}]},"49":{"loc":{"start":{"line":437,"column":4},"end":{"line":439,"column":5}},"type":"if","locations":[{"start":{"line":437,"column":4},"end":{"line":439,"column":5}},{"start":{},"end":{}}]},"50":{"loc":{"start":{"line":440,"column":4},"end":{"line":442,"column":5}},"type":"if","locations":[{"start":{"line":440,"column":4},"end":{"line":442,"column":5}},{"start":{},"end":{}}]},"51":{"loc":{"start":{"line":443,"column":4},"end":{"line":445,"column":5}},"type":"if","locations":[{"start":{"line":443,"column":4},"end":{"line":445,"column":5}},{"start":{},"end":{}}]},"52":{"loc":{"start":{"line":446,"column":4},"end":{"line":448,"column":5}},"type":"if","locations":[{"start":{"line":446,"column":4},"end":{"line":448,"column":5}},{"start":{},"end":{}}]},"53":{"loc":{"start":{"line":450,"column":4},"end":{"line":452,"column":5}},"type":"if","locations":[{"start":{"line":450,"column":4},"end":{"line":452,"column":5}},{"start":{},"end":{}}]},"54":{"loc":{"start":{"line":453,"column":4},"end":{"line":455,"column":5}},"type":"if","locations":[{"start":{"line":453,"column":4},"end":{"line":455,"column":5}},{"start":{},"end":{}}]},"55":{"loc":{"start":{"line":456,"column":4},"end":{"line":458,"column":5}},"type":"if","locations":[{"start":{"line":456,"column":4},"end":{"line":458,"column":5}},{"start":{},"end":{}}]},"56":{"loc":{"start":{"line":459,"column":4},"end":{"line":461,"column":5}},"type":"if","locations":[{"start":{"line":459,"column":4},"end":{"line":461,"column":5}},{"start":{},"end":{}}]},"57":{"loc":{"start":{"line":462,"column":4},"end":{"line":464,"column":5}},"type":"if","locations":[{"start":{"line":462,"column":4},"end":{"line":464,"column":5}},{"start":{},"end":{}}]},"58":{"loc":{"start":{"line":506,"column":2},"end":{"line":508,"column":3}},"type":"if","locations":[{"start":{"line":506,"column":2},"end":{"line":508,"column":3}},{"start":{},"end":{}}]},"59":{"loc":{"start":{"line":510,"column":2},"end":{"line":515,"column":3}},"type":"if","locations":[{"start":{"line":510,"column":2},"end":{"line":515,"column":3}},{"start":{},"end":{}}]},"60":{"loc":{"start":{"line":523,"column":4},"end":{"line":525,"column":5}},"type":"if","locations":[{"start":{"line":523,"column":4},"end":{"line":525,"column":5}},{"start":{},"end":{}}]},"61":{"loc":{"start":{"line":527,"column":4},"end":{"line":532,"column":5}},"type":"if","locations":[{"start":{"line":527,"column":4},"end":{"line":532,"column":5}},{"start":{},"end":{}}]},"62":{"loc":{"start":{"line":553,"column":4},"end":{"line":555,"column":5}},"type":"if","locations":[{"start":{"line":553,"column":4},"end":{"line":555,"column":5}},{"start":{},"end":{}}]},"63":{"loc":{"start":{"line":581,"column":2},"end":{"line":583,"column":3}},"type":"if","locations":[{"start":{"line":581,"column":2},"end":{"line":583,"column":3}},{"start":{},"end":{}}]},"64":{"loc":{"start":{"line":585,"column":2},"end":{"line":590,"column":3}},"type":"if","locations":[{"start":{"line":585,"column":2},"end":{"line":590,"column":3}},{"start":{},"end":{}}]},"65":{"loc":{"start":{"line":606,"column":4},"end":{"line":608,"column":5}},"type":"if","locations":[{"start":{"line":606,"column":4},"end":{"line":608,"column":5}},{"start":{},"end":{}}]},"66":{"loc":{"start":{"line":616,"column":4},"end":{"line":618,"column":5}},"type":"if","locations":[{"start":{"line":616,"column":4},"end":{"line":618,"column":5}},{"start":{},"end":{}}]}},"s":{"0":1,"1":1,"2":1,"3":1,"4":1,"5":1,"6":1,"7":1,"8":1,"9":1,"10":1,"11":1,"12":1,"13":1,"14":1,"15":15,"16":0,"17":0,"18":2,"19":2,"20":0,"21":2,"22":0,"23":2,"24":0,"25":2,"26":0,"27":2,"28":1,"29":1,"30":0,"31":1,"32":0,"33":1,"34":1,"35":0,"36":0,"37":1,"38":0,"39":2,"40":2,"41":2,"42":2,"43":1,"44":1,"45":0,"46":0,"47":0,"48":0,"49":0,"50":0,"51":0,"52":0,"53":0,"54":0,"55":0,"56":0,"57":0,"58":0,"59":0,"60":0,"61":0,"62":0,"63":0,"64":0,"65":0,"66":0,"67":0,"68":0,"69":0,"70":0,"71":0,"72":0,"73":0,"74":0,"75":0,"76":0,"77":0,"78":0,"79":0,"80":0,"81":0,"82":0,"83":0,"84":0,"85":0,"86":0,"87":0,"88":0,"89":0,"90":0,"91":0,"92":0,"93":0,"94":0,"95":0,"96":0,"97":0,"98":0,"99":0,"100":0,"101":0,"102":0,"103":0,"104":0,"105":0,"106":0,"107":0,"108":0,"109":0,"110":0,"111":0,"112":0,"113":0,"114":0,"115":0,"116":0,"117":0,"118":0,"119":0,"120":0,"121":0,"122":0,"123":0,"124":9,"125":9,"126":9,"127":9,"128":9,"129":9,"130":0,"131":9,"132":0,"133":9,"134":9,"135":0,"136":9,"137":1,"138":8,"139":1,"140":7,"141":1,"142":6,"143":0,"144":6,"145":0,"146":6,"147":1,"148":5,"149":1,"150":4,"151":1,"152":3,"153":0,"154":3,"155":3,"156":3,"157":3,"158":3,"159":3,"160":3,"161":3,"162":6,"163":6,"164":9,"165":1,"166":1,"167":1,"168":0,"169":1,"170":0,"171":1,"172":1,"173":1,"174":1,"175":1,"176":0,"177":1,"178":0,"179":1,"180":1,"181":1,"182":1,"183":1,"184":1,"185":1,"186":1,"187":1,"188":1,"189":1,"190":0,"191":1,"192":1,"193":0,"194":0,"195":1,"196":1,"197":1,"198":1,"199":0,"200":1,"201":0,"202":1,"203":1,"204":1,"205":1,"206":1,"207":1,"208":1,"209":0,"210":1,"211":1,"212":0,"213":1,"214":1,"215":0,"216":0,"217":1},"f":{"0":15,"1":0,"2":2,"3":2,"4":0,"5":0,"6":0,"7":0,"8":0,"9":9,"10":1,"11":1},"b":{"0":[0,15],"1":[0,2],"2":[0,2],"3":[0,2],"4":[0,2],"5":[1,1],"6":[0,1],"7":[0,1],"8":[0,1],"9":[0,1],"10":[0],"11":[0],"12":[0],"13":[0,0],"14":[0,0],"15":[0],"16":[0],"17":[0],"18":[0,0],"19":[0,0],"20":[0,0],"21":[0,0],"22":[0,0],"23":[0,0],"24":[0,0],"25":[0,0],"26":[0,0],"27":[0,0],"28":[0,0],"29":[0,0],"30":[0,0],"31":[0,0],"32":[0,0],"33":[0,0],"34":[0,0],"35":[0,0],"36":[0,0],"37":[0,0],"38":[0,0],"39":[0,0],"40":[0,0],"41":[0,0],"42":[0,0],"43":[0,0],"44":[0,0],"45":[0,0],"46":[0,9],"47":[0,9],"48":[0,9],"49":[1,8],"50":[1,7],"51":[1,6],"52":[0,6],"53":[0,6],"54":[1,5],"55":[1,4],"56":[1,3],"57":[0,3],"58":[0,1],"59":[0,1],"60":[0,1],"61":[0,1],"62":[0,1],"63":[0,1],"64":[0,1],"65":[0,1],"66":[0,1]}}
}
