TN:
SF:src\controllers\maintenance.controller.ts
FN:16,(anonymous_9)
FN:29,(anonymous_10)
FN:46,(anonymous_11)
FN:57,(anonymous_12)
FN:69,(anonymous_13)
FN:80,(anonymous_14)
FNF:6
FNH:2
FNDA:3,(anonymous_9)
FNDA:0,(anonymous_10)
FNDA:0,(anonymous_11)
FNDA:0,(anonymous_12)
FNDA:0,(anonymous_13)
FNDA:2,(anonymous_14)
DA:8,1
DA:9,1
DA:10,1
DA:15,1
DA:17,3
DA:18,3
DA:20,3
DA:28,1
DA:30,0
DA:32,0
DA:38,0
DA:45,1
DA:47,0
DA:49,0
DA:56,1
DA:58,0
DA:59,0
DA:61,0
DA:68,1
DA:70,0
DA:72,0
DA:79,1
DA:81,2
DA:82,2
DA:84,2
LF:25
LH:15
BRDA:34,0,0,0
BRDA:34,0,1,0
BRDA:35,1,0,0
BRDA:35,1,1,0
BRF:4
BRH:0
end_of_record
TN:
SF:src\controllers\trip.controller.ts
FN:23,(anonymous_9)
FN:35,(anonymous_10)
FN:51,(anonymous_11)
FN:52,(anonymous_12)
FN:78,(anonymous_13)
FN:89,(anonymous_14)
FN:101,(anonymous_15)
FN:112,(anonymous_16)
FN:123,(anonymous_17)
FN:135,(anonymous_18)
FNF:10
FNH:4
FNDA:2,(anonymous_9)
FNDA:0,(anonymous_10)
FNDA:0,(anonymous_11)
FNDA:0,(anonymous_12)
FNDA:0,(anonymous_13)
FNDA:0,(anonymous_14)
FNDA:0,(anonymous_15)
FNDA:9,(anonymous_16)
FNDA:1,(anonymous_17)
FNDA:1,(anonymous_18)
DA:14,1
DA:15,1
DA:16,1
DA:22,1
DA:24,2
DA:25,2
DA:27,1
DA:34,1
DA:36,0
DA:38,0
DA:44,0
DA:50,1
DA:52,0
DA:53,0
DA:54,0
DA:57,0
DA:58,0
DA:59,0
DA:70,0
DA:77,1
DA:79,0
DA:81,0
DA:88,1
DA:90,0
DA:91,0
DA:93,0
DA:100,1
DA:102,0
DA:104,0
DA:111,1
DA:113,9
DA:115,3
DA:122,1
DA:124,1
DA:125,1
DA:127,1
DA:134,1
DA:136,1
DA:138,1
LF:39
LH:22
BRDA:40,0,0,0
BRDA:40,0,1,0
BRDA:41,1,0,0
BRDA:41,1,1,0
BRDA:54,2,0,0
BRDA:54,2,1,0
BRDA:60,3,0,0
BRDA:60,3,1,0
BRDA:61,4,0,0
BRDA:61,4,1,0
BRF:10
BRH:0
end_of_record
TN:
SF:src\services\maintenance.service.ts
FN:29,assertObjectId
FN:43,createMaintenance
FN:83,getAllMaintenance
FN:117,getMaintenanceById
FN:131,updateMaintenance
FN:155,deleteMaintenance
FN:174,completeMaintenance
FNF:7
FNH:3
FNDA:5,assertObjectId
FNDA:3,createMaintenance
FNDA:0,getAllMaintenance
FNDA:0,getMaintenanceById
FNDA:0,updateMaintenance
FNDA:0,deleteMaintenance
FNDA:2,completeMaintenance
DA:8,1
DA:9,1
DA:10,1
DA:11,1
DA:12,1
DA:30,5
DA:31,0
DA:43,1
DA:44,3
DA:45,3
DA:47,3
DA:48,3
DA:50,3
DA:51,3
DA:52,3
DA:53,0
DA:57,3
DA:64,3
DA:65,2
DA:66,2
DA:69,3
DA:70,3
DA:72,0
DA:73,0
DA:75,3
DA:83,1
DA:84,0
DA:86,0
DA:87,0
DA:88,0
DA:89,0
DA:91,0
DA:94,0
DA:95,0
DA:97,0
DA:103,0
DA:117,1
DA:118,0
DA:120,0
DA:121,0
DA:122,0
DA:125,0
DA:131,1
DA:132,0
DA:134,0
DA:135,0
DA:136,0
DA:140,0
DA:141,0
DA:144,0
DA:145,0
DA:146,0
DA:148,0
DA:149,0
DA:155,1
DA:156,0
DA:158,0
DA:159,0
DA:160,0
DA:163,0
DA:164,0
DA:174,1
DA:175,2
DA:177,2
DA:178,2
DA:179,0
DA:182,2
DA:183,0
DA:189,2
DA:190,2
DA:192,2
DA:194,2
DA:195,2
DA:196,0
DA:200,2
DA:201,1
DA:202,1
DA:206,2
DA:207,2
DA:208,2
DA:209,0
DA:211,2
DA:213,2
DA:214,2
DA:216,0
DA:217,0
DA:219,2
LF:87
LH:45
BRDA:30,0,0,0
BRDA:30,0,1,5
BRDA:52,1,0,0
BRDA:52,1,1,3
BRDA:64,2,0,2
BRDA:64,2,1,1
BRDA:83,3,0,0
BRDA:84,4,0,0
BRDA:84,5,0,0
BRDA:87,6,0,0
BRDA:87,6,1,0
BRDA:88,7,0,0
BRDA:88,7,1,0
BRDA:121,8,0,0
BRDA:121,8,1,0
BRDA:135,9,0,0
BRDA:135,9,1,0
BRDA:140,10,0,0
BRDA:140,10,1,0
BRDA:144,11,0,0
BRDA:144,11,1,0
BRDA:145,12,0,0
BRDA:145,12,1,0
BRDA:146,13,0,0
BRDA:146,13,1,0
BRDA:159,14,0,0
BRDA:159,14,1,0
BRDA:178,15,0,0
BRDA:178,15,1,2
BRDA:182,16,0,0
BRDA:182,16,1,2
BRDA:195,17,0,0
BRDA:195,17,1,2
BRDA:200,18,0,1
BRDA:200,18,1,1
BRDA:208,19,0,0
BRDA:208,19,1,2
BRF:37
BRH:10
end_of_record
TN:
SF:src\services\trip.service.ts
FN:55,assertObjectId
FN:61,escapeRegExp
FN:84,validateTripPreConditions
FN:165,createTrip
FN:193,getAllTrips
FN:231,getTripHistory
FN:315,getTripById
FN:337,updateTrip
FN:380,deleteTrip
FN:408,dispatchTrip
FN:495,completeTrip
FN:577,cancelTrip
FNF:12
FNH:6
FNDA:15,assertObjectId
FNDA:0,escapeRegExp
FNDA:2,validateTripPreConditions
FNDA:2,createTrip
FNDA:0,getAllTrips
FNDA:0,getTripHistory
FNDA:0,getTripById
FNDA:0,updateTrip
FNDA:0,deleteTrip
FNDA:9,dispatchTrip
FNDA:1,completeTrip
FNDA:1,cancelTrip
DA:16,1
DA:17,1
DA:18,1
DA:19,1
DA:20,1
DA:21,1
DA:56,15
DA:57,0
DA:62,0
DA:90,2
DA:96,2
DA:97,0
DA:100,2
DA:101,0
DA:107,2
DA:108,0
DA:114,2
DA:115,0
DA:122,2
DA:123,1
DA:130,1
DA:131,0
DA:134,1
DA:135,0
DA:141,1
DA:142,1
DA:143,0
DA:144,0
DA:150,1
DA:151,0
DA:165,1
DA:166,2
DA:168,2
DA:169,2
DA:174,2
DA:177,1
DA:184,1
DA:193,1
DA:194,0
DA:196,0
DA:197,0
DA:199,0
DA:200,0
DA:202,0
DA:205,0
DA:206,0
DA:208,0
DA:215,0
DA:231,1
DA:239,0
DA:240,0
DA:241,0
DA:242,0
DA:243,0
DA:245,0
DA:246,0
DA:248,0
DA:249,0
DA:251,0
DA:252,0
DA:253,0
DA:254,0
DA:256,0
DA:257,0
DA:260,0
DA:261,0
DA:262,0
DA:263,0
DA:265,0
DA:266,0
DA:267,0
DA:276,0
DA:285,0
DA:286,0
DA:287,0
DA:299,0
DA:315,1
DA:316,0
DA:318,0
DA:322,0
DA:323,0
DA:326,0
DA:337,1
DA:338,0
DA:340,0
DA:341,0
DA:343,0
DA:344,0
DA:350,0
DA:353,0
DA:354,0
DA:355,0
DA:357,0
DA:358,0
DA:359,0
DA:363,0
DA:364,0
DA:365,0
DA:366,0
DA:368,0
DA:369,0
DA:380,1
DA:381,0
DA:383,0
DA:384,0
DA:386,0
DA:387,0
DA:388,0
DA:394,0
DA:395,0
DA:408,1
DA:409,9
DA:411,9
DA:412,9
DA:414,9
DA:417,9
DA:418,9
DA:419,0
DA:422,9
DA:423,0
DA:429,9
DA:434,9
DA:435,0
DA:437,9
DA:438,1
DA:440,8
DA:441,1
DA:443,7
DA:444,1
DA:446,6
DA:447,0
DA:450,6
DA:451,0
DA:453,6
DA:454,1
DA:456,5
DA:457,1
DA:459,4
DA:460,1
DA:462,3
DA:463,0
DA:467,3
DA:468,3
DA:469,3
DA:471,3
DA:472,3
DA:473,3
DA:475,3
DA:476,3
DA:478,6
DA:479,6
DA:481,9
DA:495,1
DA:503,1
DA:505,1
DA:506,1
DA:507,0
DA:510,1
DA:511,0
DA:517,1
DA:518,1
DA:520,1
DA:522,1
DA:523,1
DA:524,0
DA:527,1
DA:528,0
DA:535,1
DA:536,1
DA:537,1
DA:538,1
DA:539,1
DA:540,1
DA:543,1
DA:544,1
DA:545,1
DA:548,1
DA:553,1
DA:554,0
DA:557,1
DA:558,1
DA:560,0
DA:561,0
DA:563,1
DA:577,1
DA:578,1
DA:580,1
DA:581,1
DA:582,0
DA:585,1
DA:586,0
DA:592,1
DA:593,1
DA:595,1
DA:597,1
DA:598,1
DA:601,1
DA:606,1
DA:607,0
DA:611,1
DA:616,1
DA:617,0
DA:620,1
DA:621,1
DA:623,0
DA:624,0
DA:626,1
LF:207
LH:109
BRDA:56,0,0,0
BRDA:56,0,1,15
BRDA:96,1,0,0
BRDA:96,1,1,2
BRDA:100,2,0,0
BRDA:100,2,1,2
BRDA:107,3,0,0
BRDA:107,3,1,2
BRDA:114,4,0,0
BRDA:114,4,1,2
BRDA:122,5,0,1
BRDA:122,5,1,1
BRDA:130,6,0,0
BRDA:130,6,1,1
BRDA:134,7,0,0
BRDA:134,7,1,1
BRDA:142,8,0,0
BRDA:142,8,1,1
BRDA:150,9,0,0
BRDA:150,9,1,1
BRDA:193,10,0,0
BRDA:194,11,0,0
BRDA:194,12,0,0
BRDA:197,13,0,0
BRDA:197,13,1,0
BRDA:199,14,0,0
BRDA:199,14,1,0
BRDA:231,15,0,0
BRDA:237,16,0,0
BRDA:238,17,0,0
BRDA:240,18,0,0
BRDA:240,18,1,0
BRDA:241,19,0,0
BRDA:241,19,1,0
BRDA:242,20,0,0
BRDA:242,20,1,0
BRDA:242,21,0,0
BRDA:242,21,1,0
BRDA:248,22,0,0
BRDA:248,22,1,0
BRDA:248,23,0,0
BRDA:248,23,1,0
BRDA:251,24,0,0
BRDA:251,24,1,0
BRDA:252,25,0,0
BRDA:252,25,1,0
BRDA:253,26,0,0
BRDA:253,26,1,0
BRDA:256,27,0,0
BRDA:256,27,1,0
BRDA:261,28,0,0
BRDA:261,28,1,0
BRDA:262,29,0,0
BRDA:262,29,1,0
BRDA:263,30,0,0
BRDA:263,30,1,0
BRDA:265,31,0,0
BRDA:265,31,1,0
BRDA:280,32,0,0
BRDA:280,32,1,0
BRDA:281,33,0,0
BRDA:281,33,1,0
BRDA:286,34,0,0
BRDA:286,34,1,0
BRDA:322,35,0,0
BRDA:322,35,1,0
BRDA:341,36,0,0
BRDA:341,36,1,0
BRDA:343,37,0,0
BRDA:343,37,1,0
BRDA:353,38,0,0
BRDA:353,38,1,0
BRDA:357,39,0,0
BRDA:357,39,1,0
BRDA:363,40,0,0
BRDA:363,40,1,0
BRDA:364,41,0,0
BRDA:364,41,1,0
BRDA:365,42,0,0
BRDA:365,42,1,0
BRDA:366,43,0,0
BRDA:366,43,1,0
BRDA:384,44,0,0
BRDA:384,44,1,0
BRDA:387,45,0,0
BRDA:387,45,1,0
BRDA:418,46,0,0
BRDA:418,46,1,9
BRDA:422,47,0,0
BRDA:422,47,1,9
BRDA:434,48,0,0
BRDA:434,48,1,9
BRDA:437,49,0,1
BRDA:437,49,1,8
BRDA:440,50,0,1
BRDA:440,50,1,7
BRDA:443,51,0,1
BRDA:443,51,1,6
BRDA:446,52,0,0
BRDA:446,52,1,6
BRDA:450,53,0,0
BRDA:450,53,1,6
BRDA:453,54,0,1
BRDA:453,54,1,5
BRDA:456,55,0,1
BRDA:456,55,1,4
BRDA:459,56,0,1
BRDA:459,56,1,3
BRDA:462,57,0,0
BRDA:462,57,1,3
BRDA:506,58,0,0
BRDA:506,58,1,1
BRDA:510,59,0,0
BRDA:510,59,1,1
BRDA:523,60,0,0
BRDA:523,60,1,1
BRDA:527,61,0,0
BRDA:527,61,1,1
BRDA:553,62,0,0
BRDA:553,62,1,1
BRDA:581,63,0,0
BRDA:581,63,1,1
BRDA:585,64,0,0
BRDA:585,64,1,1
BRDA:606,65,0,0
BRDA:606,65,1,1
BRDA:616,66,0,0
BRDA:616,66,1,1
BRF:128
BRH:38
end_of_record
